[Tue Jan 10 21:14:45.179416 2023] [ssl:warn] [pid 15036:tid 568] AH01909: www.example.com:443:0 server certificate does NOT include an ID which matches the server name
[Tue Jan 10 21:14:45.224568 2023] [ssl:warn] [pid 15036:tid 568] AH01909: www.example.com:443:0 server certificate does NOT include an ID which matches the server name
[Tue Jan 10 21:14:45.260687 2023] [mpm_winnt:notice] [pid 15036:tid 568] AH00455: Apache/2.4.46 (Win64) OpenSSL/1.1.1h PHP/7.2.34 configured -- resuming normal operations
[Tue Jan 10 21:14:45.260687 2023] [mpm_winnt:notice] [pid 15036:tid 568] AH00456: Apache Lounge VC15 Server built: Oct  3 2020 12:58:33
[Tue Jan 10 21:14:45.260687 2023] [core:notice] [pid 15036:tid 568] AH00094: Command line: 'C:\\xampp\\apache\\bin\\httpd.exe -d C:/xampp/apache'
[Tue Jan 10 21:14:45.266708 2023] [mpm_winnt:notice] [pid 15036:tid 568] AH00418: Parent: Created child process 1976
[Tue Jan 10 21:14:45.836441 2023] [ssl:warn] [pid 1976:tid 592] AH01909: www.example.com:443:0 server certificate does NOT include an ID which matches the server name
[Tue Jan 10 21:14:45.890621 2023] [ssl:warn] [pid 1976:tid 592] AH01909: www.example.com:443:0 server certificate does NOT include an ID which matches the server name
[Tue Jan 10 21:14:45.926741 2023] [mpm_winnt:notice] [pid 1976:tid 592] AH00354: Child: Starting 150 worker threads.
[Tue Jan 10 21:17:15.744729 2023] [ssl:warn] [pid 15292:tid 600] AH01909: www.example.com:443:0 server certificate does NOT include an ID which matches the server name
[Tue Jan 10 21:17:15.798911 2023] [ssl:warn] [pid 15292:tid 600] AH01909: www.example.com:443:0 server certificate does NOT include an ID which matches the server name
[Tue Jan 10 21:17:15.838038 2023] [mpm_winnt:notice] [pid 15292:tid 600] AH00455: Apache/2.4.46 (Win64) OpenSSL/1.1.1h PHP/7.2.34 configured -- resuming normal operations
[Tue Jan 10 21:17:15.838038 2023] [mpm_winnt:notice] [pid 15292:tid 600] AH00456: Apache Lounge VC15 Server built: Oct  3 2020 12:58:33
[Tue Jan 10 21:17:15.838038 2023] [core:notice] [pid 15292:tid 600] AH00094: Command line: 'c:\\xampp\\apache\\bin\\httpd.exe -d C:/xampp/apache'
[Tue Jan 10 21:17:15.841051 2023] [mpm_winnt:notice] [pid 15292:tid 600] AH00418: Parent: Created child process 2988
[Tue Jan 10 21:17:16.281810 2023] [ssl:warn] [pid 2988:tid 608] AH01909: www.example.com:443:0 server certificate does NOT include an ID which matches the server name
[Tue Jan 10 21:17:16.330014 2023] [ssl:warn] [pid 2988:tid 608] AH01909: www.example.com:443:0 server certificate does NOT include an ID which matches the server name
[Tue Jan 10 21:17:16.362123 2023] [mpm_winnt:notice] [pid 2988:tid 608] AH00354: Child: Starting 150 worker threads.
[Tue Jan 10 21:17:21.079643 2023] [mpm_winnt:crit] [pid 2988:tid 608] AH02538: Child: Parent process exited abruptly. Child process is ending
[Tue Jan 10 21:18:49.331159 2023] [ssl:warn] [pid 14320:tid 580] AH01909: www.example.com:443:0 server certificate does NOT include an ID which matches the server name
[Tue Jan 10 21:18:49.379318 2023] [core:warn] [pid 14320:tid 580] AH00098: pid file C:/xampp/apache/logs/httpd.pid overwritten -- Unclean shutdown of previous Apache run?
[Tue Jan 10 21:18:49.383335 2023] [ssl:warn] [pid 14320:tid 580] AH01909: www.example.com:443:0 server certificate does NOT include an ID which matches the server name
[Tue Jan 10 21:18:49.412936 2023] [mpm_winnt:notice] [pid 14320:tid 580] AH00455: Apache/2.4.46 (Win64) OpenSSL/1.1.1h PHP/7.2.34 configured -- resuming normal operations
[Tue Jan 10 21:18:49.412936 2023] [mpm_winnt:notice] [pid 14320:tid 580] AH00456: Apache Lounge VC15 Server built: Oct  3 2020 12:58:33
[Tue Jan 10 21:18:49.412936 2023] [core:notice] [pid 14320:tid 580] AH00094: Command line: 'c:\\xampp\\apache\\bin\\httpd.exe -d C:/xampp/apache'
[Tue Jan 10 21:18:49.416949 2023] [mpm_winnt:notice] [pid 14320:tid 580] AH00418: Parent: Created child process 1004
[Tue Jan 10 21:18:49.806950 2023] [ssl:warn] [pid 1004:tid 620] AH01909: www.example.com:443:0 server certificate does NOT include an ID which matches the server name
[Tue Jan 10 21:18:49.861221 2023] [ssl:warn] [pid 1004:tid 620] AH01909: www.example.com:443:0 server certificate does NOT include an ID which matches the server name
[Tue Jan 10 21:18:49.894330 2023] [mpm_winnt:notice] [pid 1004:tid 620] AH00354: Child: Starting 150 worker threads.
[Tue Jan 10 21:20:43.263499 2023] [ssl:warn] [pid 4084:tid 604] AH01909: www.example.com:443:0 server certificate does NOT include an ID which matches the server name
[Tue Jan 10 21:20:43.308650 2023] [core:warn] [pid 4084:tid 604] AH00098: pid file C:/xampp/apache/logs/httpd.pid overwritten -- Unclean shutdown of previous Apache run?
[Tue Jan 10 21:20:43.310656 2023] [ssl:warn] [pid 4084:tid 604] AH01909: www.example.com:443:0 server certificate does NOT include an ID which matches the server name
[Tue Jan 10 21:20:43.340757 2023] [mpm_winnt:notice] [pid 4084:tid 604] AH00455: Apache/2.4.46 (Win64) OpenSSL/1.1.1h PHP/7.2.34 configured -- resuming normal operations
[Tue Jan 10 21:20:43.341762 2023] [mpm_winnt:notice] [pid 4084:tid 604] AH00456: Apache Lounge VC15 Server built: Oct  3 2020 12:58:33
[Tue Jan 10 21:20:43.341762 2023] [core:notice] [pid 4084:tid 604] AH00094: Command line: 'apache\\bin\\httpd.exe -d C:/xampp/apache -f conf\\httpd.conf'
[Tue Jan 10 21:20:43.344770 2023] [mpm_winnt:notice] [pid 4084:tid 604] AH00418: Parent: Created child process 14088
[Tue Jan 10 21:20:43.724955 2023] [ssl:warn] [pid 14088:tid 588] AH01909: www.example.com:443:0 server certificate does NOT include an ID which matches the server name
[Tue Jan 10 21:20:43.771108 2023] [ssl:warn] [pid 14088:tid 588] AH01909: www.example.com:443:0 server certificate does NOT include an ID which matches the server name
[Tue Jan 10 21:20:43.802212 2023] [mpm_winnt:notice] [pid 14088:tid 588] AH00354: Child: Starting 150 worker threads.
[Tue Jan 10 21:20:51.139870 2023] [mpm_winnt:notice] [pid 4084:tid 604] AH00422: Parent: Received shutdown signal -- Shutting down the server.
[Tue Jan 10 21:20:53.149590 2023] [mpm_winnt:notice] [pid 14088:tid 588] AH00364: Child: All worker threads have exited.
[Tue Jan 10 21:20:53.172068 2023] [mpm_winnt:notice] [pid 4084:tid 604] AH00430: Parent: Child process 14088 exited successfully.
[Tue Jan 10 21:21:08.991145 2023] [ssl:warn] [pid 4416:tid 608] AH01909: www.example.com:443:0 server certificate does NOT include an ID which matches the server name
[Tue Jan 10 21:21:09.037472 2023] [ssl:warn] [pid 4416:tid 608] AH01909: www.example.com:443:0 server certificate does NOT include an ID which matches the server name
[Tue Jan 10 21:21:09.066119 2023] [mpm_winnt:notice] [pid 4416:tid 608] AH00455: Apache/2.4.46 (Win64) OpenSSL/1.1.1h PHP/7.2.34 configured -- resuming normal operations
[Tue Jan 10 21:21:09.066119 2023] [mpm_winnt:notice] [pid 4416:tid 608] AH00456: Apache Lounge VC15 Server built: Oct  3 2020 12:58:33
[Tue Jan 10 21:21:09.066119 2023] [core:notice] [pid 4416:tid 608] AH00094: Command line: 'c:\\xampp\\apache\\bin\\httpd.exe -d C:/xampp/apache'
[Tue Jan 10 21:21:09.069130 2023] [mpm_winnt:notice] [pid 4416:tid 608] AH00418: Parent: Created child process 988
[Tue Jan 10 21:21:09.417611 2023] [ssl:warn] [pid 988:tid 516] AH01909: www.example.com:443:0 server certificate does NOT include an ID which matches the server name
[Tue Jan 10 21:21:09.459752 2023] [ssl:warn] [pid 988:tid 516] AH01909: www.example.com:443:0 server certificate does NOT include an ID which matches the server name
[Tue Jan 10 21:21:09.488847 2023] [mpm_winnt:notice] [pid 988:tid 516] AH00354: Child: Starting 150 worker threads.
[Tue Jan 10 21:35:08.439476 2023] [php7:notice] [pid 988:tid 1848] [client ::1:64768] PHP Notice:  Undefined index: username in C:\\xampp\\htdocs\\PHPinVisualStudioCode\\Bikes\\claudiu\\profile.php on line 8, referer: http://localhost/PHPinVisualStudioCode/Bikes/claudiu/despre_biciclete.php
[Tue Jan 10 21:35:39.254621 2023] [php7:notice] [pid 988:tid 1848] [client ::1:64846] PHP Notice:  Undefined index: score in C:\\xampp\\htdocs\\PHPinVisualStudioCode\\Bikes\\claudiu\\validation.php on line 64, referer: http://localhost/PHPinVisualStudioCode/Bikes/claudiu/forum_login.php
[Tue Jan 10 21:35:39.254621 2023] [php7:notice] [pid 988:tid 1848] [client ::1:64846] PHP Notice:  Undefined index: topics in C:\\xampp\\htdocs\\PHPinVisualStudioCode\\Bikes\\claudiu\\validation.php on line 65, referer: http://localhost/PHPinVisualStudioCode/Bikes/claudiu/forum_login.php
[Tue Jan 10 21:41:11.581766 2023] [php7:notice] [pid 988:tid 1852] [client ::1:57741] PHP Notice:  Undefined index: username in C:\\xampp\\htdocs\\PHPinVisualStudioCode\\Bikes\\claudiu\\profile.php on line 8, referer: http://localhost/PHPinVisualStudioCode/Bikes/claudiu/forum_login.php
[Tue Jan 10 21:42:13.768746 2023] [ssl:warn] [pid 11072:tid 600] AH01909: www.example.com:443:0 server certificate does NOT include an ID which matches the server name
[Tue Jan 10 21:42:13.820918 2023] [core:warn] [pid 11072:tid 600] AH00098: pid file C:/xampp/apache/logs/httpd.pid overwritten -- Unclean shutdown of previous Apache run?
[Tue Jan 10 21:42:13.822925 2023] [ssl:warn] [pid 11072:tid 600] AH01909: www.example.com:443:0 server certificate does NOT include an ID which matches the server name
[Tue Jan 10 21:42:13.856036 2023] [mpm_winnt:notice] [pid 11072:tid 600] AH00455: Apache/2.4.46 (Win64) OpenSSL/1.1.1h PHP/7.2.34 configured -- resuming normal operations
[Tue Jan 10 21:42:13.856036 2023] [mpm_winnt:notice] [pid 11072:tid 600] AH00456: Apache Lounge VC15 Server built: Oct  3 2020 12:58:33
[Tue Jan 10 21:42:13.856036 2023] [core:notice] [pid 11072:tid 600] AH00094: Command line: 'c:\\xampp\\apache\\bin\\httpd.exe -d C:/xampp/apache'
[Tue Jan 10 21:42:13.860050 2023] [mpm_winnt:notice] [pid 11072:tid 600] AH00418: Parent: Created child process 8288
[Tue Jan 10 21:42:14.275714 2023] [ssl:warn] [pid 8288:tid 576] AH01909: www.example.com:443:0 server certificate does NOT include an ID which matches the server name
[Tue Jan 10 21:42:14.323874 2023] [ssl:warn] [pid 8288:tid 576] AH01909: www.example.com:443:0 server certificate does NOT include an ID which matches the server name
[Tue Jan 10 21:42:14.364008 2023] [mpm_winnt:notice] [pid 8288:tid 576] AH00354: Child: Starting 150 worker threads.
